<?xml version="1.0" encoding="UTF-8"?>
<!-- Generated by org.testng.reporters.JUnitXMLReporter -->
<testsuite ignored="0" hostname="nty-h0z4etg3i9f" failures="0" tests="10" name="Surefire test" time="0.047" errors="0" timestamp="2024-09-23T17:09:11 CST">
  <testcase classname="com.challenge.easy.arrays.FindFirstPalindromeTest" name="firstPalindromeTest" time="0.015"/>
  <testcase classname="com.challenge.easy.arrays.FindWordsContainingCharacterTest" name="numIdenticalPairsTest" time="0.0"/>
  <testcase classname="com.challenge.easy.arrays.NumberOfGoodPairsTest" name="numIdenticalPairsTest" time="0.0"/>
  <testcase classname="com.challenge.easy.binarysearch.KthMissingNumberTest" name="findKthPositiveTest" time="0.0"/>
  <testcase classname="com.challenge.easy.dfs.TreeInorderTraversalTest" name="inorderTraversalTest1" time="0.0"/>
  <testcase classname="com.challenge.easy.dfs.TreeInorderTraversalTest" name="inorderTraversalTest2" time="0.0"/>
  <testcase classname="com.challenge.easy.dfs.TreeInorderTraversalTest" name="inorderTraversalTest3" time="0.0"/>
  <testcase classname="com.challenge.easy.dynamic.PascalTriangleTest" name="generateTest" time="0.0"/>
  <testcase classname="com.challenge.easy.hashtable.FirstUniqueCharTest" name="firstUniqCharTest" time="0.0"/>
  <testcase classname="com.challenge.easy.hashtable.UniqueNumberOfOccurrencesTest" name="uniqueOccurrencesTest" time="0.0"/>
</testsuite> <!-- Surefire test -->
