<?xml version="1.0" encoding="UTF-8"?>
<testng-results ignored="0" total="1" passed="1" failed="0" skipped="0">
  <reporter-output>
  </reporter-output>
  <suite started-at="2024-11-08T13:38:09 CST" name="Surefire suite" finished-at="2024-11-08T13:38:09 CST" duration-ms="39">
    <groups>
    </groups>
    <test started-at="2024-11-08T13:38:09 CST" name="Surefire test" finished-at="2024-11-08T13:38:09 CST" duration-ms="39">
      <class name="com.challenge.easy.hashtable.UniqueNumberOfOccurrencesTest">
        <test-method signature="uniqueOccurrencesTest()[pri:0, instance:com.challenge.easy.hashtable.UniqueNumberOfOccurrencesTest@7d3a22a9]" started-at="2024-11-08T13:38:09 CST" name="uniqueOccurrencesTest" finished-at="2024-11-08T13:38:09 CST" duration-ms="7" status="PASS">
          <reporter-output>
          </reporter-output>
        </test-method> <!-- uniqueOccurrencesTest -->
      </class> <!-- com.challenge.easy.hashtable.UniqueNumberOfOccurrencesTest -->
    </test> <!-- Surefire test -->
  </suite> <!-- Surefire suite -->
</testng-results>
