<?xml version="1.0" encoding="UTF-8"?>
<testsuite xmlns:xsi="http://www.w3.org/2001/XMLSchema-instance" xsi:noNamespaceSchemaLocation="https://maven.apache.org/surefire/maven-surefire-plugin/xsd/surefire-test-report-3.0.xsd" version="3.0" name="TestSuite" time="0.489" tests="16" errors="0" skipped="0" failures="0">
  <properties>
[...]
</properties>
  <testcase name="firstPalindromeTest" classname="com.challenge.easy.arrays.FindFirstPalindromeTest" time="0.015">
    <system-err><![CDATA[SLF4J: Failed to load class "org.slf4j.impl.StaticLoggerBinder".
SLF4J: Defaulting to no-operation (NOP) logger implementation
SLF4J: See http://www.slf4j.org/codes.html#StaticLoggerBinder for further details.
]]></system-err>
  </testcase>
  <testcase name="numIdenticalPairsTest" classname="com.challenge.easy.arrays.FindWordsContainingCharacterTest" time="0.0"/>
  <testcase name="numIdenticalPairsTest" classname="com.challenge.easy.arrays.NumberOfGoodPairsTest" time="0.0"/>
  <testcase name="findKthPositiveTest" classname="com.challenge.easy.binarysearch.KthMissingNumberTest" time="0.0"/>
  <testcase name="inorderTraversalTest1" classname="com.challenge.easy.dfs.TreeInorderTraversalTest" time="0.006"/>
  <testcase name="inorderTraversalTest2" classname="com.challenge.easy.dfs.TreeInorderTraversalTest" time="0.0"/>
  <testcase name="inorderTraversalTest3" classname="com.challenge.easy.dfs.TreeInorderTraversalTest" time="0.0"/>
  <testcase name="generateTest" classname="com.challenge.easy.dynamic.PascalTriangleTest" time="0.0"/>
  <testcase name="firstUniqCharTest" classname="com.challenge.easy.hashtable.FirstUniqueCharTest" time="0.0"/>
  <testcase name="uniqueOccurrencesTest" classname="com.challenge.easy.hashtable.UniqueNumberOfOccurrencesTest" time="0.0"/>
  <testcase name="missingNumberTest" classname="com.challenge.easy.math.MissingNumberTest" time="0.015"/>
  <testcase name="isPalindromeTest" classname="com.challenge.easy.math.PalindromeNumberTest" time="0.0"/>
  <testcase name="romanToIntTest" classname="com.challenge.easy.math.RomanToIntegerTest" time="0.0"/>
  <testcase name="flipAndInvertImageTest" classname="com.challenge.easy.matrix.FlippingImageTest" time="0.0"/>
  <testcase name="diagonalSumTest" classname="com.challenge.easy.matrix.MatrixDiagonalSumTest" time="0.0"/>
  <testcase name="fib" classname="com.challenge.easy.recursion.FibonacciNumberTest" time="0.0"/>
</testsuite>