<?xml version="1.0" encoding="UTF-8"?>
<!-- Generated by org.testng.reporters.JUnitReportReporter -->
<testsuite hostname="mty-a852hman9dv" failures="0" tests="1" name="com.challenge.easy.arrays.FindWordsContainingCharacterTest" time="0.011" errors="0" timestamp="2024-11-06T14:26:52 CST" skipped="0">
  <testcase classname="com.challenge.easy.arrays.FindWordsContainingCharacterTest" name="numIdenticalPairsTest" time="0.011"/>
</testsuite> <!-- com.challenge.easy.arrays.FindWordsContainingCharacterTest -->
