<?xml version="1.0" encoding="UTF-8"?>
<!-- Generated by org.testng.reporters.JUnitReportReporter -->
<testsuite hostname="mty-a852hman9dv" failures="0" tests="1" name="com.challenge.easy.hashtable.UniqueNumberOfOccurrencesTest" time="0.007" errors="0" timestamp="2024-11-08T13:38:09 CST" skipped="0">
  <testcase classname="com.challenge.easy.hashtable.UniqueNumberOfOccurrencesTest" name="uniqueOccurrencesTest" time="0.007"/>
</testsuite> <!-- com.challenge.easy.hashtable.UniqueNumberOfOccurrencesTest -->
